Connecting to database specified by database.yml
Compiled jquery.js  (3ms)  (pid 7401)
Compiled jquery_ujs.js  (0ms)  (pid 7401)
Compiled carts.js  (569ms)  (pid 7401)
Compiled categories.js  (122ms)  (pid 7401)
Compiled home.js  (116ms)  (pid 7401)
Compiled line_items.js  (121ms)  (pid 7401)
Compiled orders.js  (121ms)  (pid 7401)
Compiled products.js  (121ms)  (pid 7401)
Compiled application.js  (1290ms)  (pid 7401)
Compiled carts.css  (84ms)  (pid 7401)
Compiled categories.css  (1ms)  (pid 7401)
Compiled home.css  (1ms)  (pid 7401)
Compiled line_items.css  (1ms)  (pid 7401)
Compiled orders.css  (1ms)  (pid 7401)
Compiled products.css  (1ms)  (pid 7401)
Compiled scaffolds.css  (10ms)  (pid 7401)
Compiled application.css  (133ms)  (pid 7401)
Connecting to database specified by database.yml
Compiled jquery.js  (3ms)  (pid 7401)
Compiled jquery_ujs.js  (0ms)  (pid 7401)
Compiled carts.js  (124ms)  (pid 7401)
Compiled categories.js  (112ms)  (pid 7401)
Compiled home.js  (119ms)  (pid 7401)
Compiled line_items.js  (116ms)  (pid 7401)
Compiled orders.js  (111ms)  (pid 7401)
Compiled products.js  (133ms)  (pid 7401)
Compiled application.js  (821ms)  (pid 7401)
Compiled carts.css  (7ms)  (pid 7401)
Compiled categories.css  (1ms)  (pid 7401)
Compiled home.css  (0ms)  (pid 7401)
Compiled line_items.css  (1ms)  (pid 7401)
Compiled orders.css  (0ms)  (pid 7401)
Compiled products.css  (0ms)  (pid 7401)
Compiled scaffolds.css  (10ms)  (pid 7401)
Compiled application.css  (94ms)  (pid 7401)
Connecting to database specified by database.yml
Compiled jquery.js  (3ms)  (pid 7607)
Compiled jquery_ujs.js  (0ms)  (pid 7607)
Compiled carts.js  (300ms)  (pid 7607)
Compiled categories.js  (125ms)  (pid 7607)
Compiled home.js  (174ms)  (pid 7607)
Compiled line_items.js  (119ms)  (pid 7607)
Compiled orders.js  (115ms)  (pid 7607)
Compiled products.js  (123ms)  (pid 7607)
Compiled application.js  (1022ms)  (pid 7607)
Compiled carts.css  (100ms)  (pid 7607)
Compiled categories.css  (1ms)  (pid 7607)
Compiled home.css  (1ms)  (pid 7607)
Compiled line_items.css  (0ms)  (pid 7607)
Compiled orders.css  (0ms)  (pid 7607)
Compiled products.css  (1ms)  (pid 7607)
Compiled scaffolds.css  (10ms)  (pid 7607)
Compiled application.css  (144ms)  (pid 7607)
Connecting to database specified by database.yml
Compiled jquery.js  (43ms)  (pid 7607)
Compiled jquery_ujs.js  (0ms)  (pid 7607)
Compiled carts.js  (119ms)  (pid 7607)
Compiled categories.js  (113ms)  (pid 7607)
Compiled home.js  (119ms)  (pid 7607)
Compiled line_items.js  (111ms)  (pid 7607)
Compiled orders.js  (118ms)  (pid 7607)
Compiled products.js  (120ms)  (pid 7607)
Compiled application.js  (851ms)  (pid 7607)
Compiled carts.css  (7ms)  (pid 7607)
Compiled categories.css  (1ms)  (pid 7607)
Compiled home.css  (1ms)  (pid 7607)
Compiled line_items.css  (1ms)  (pid 7607)
Compiled orders.css  (1ms)  (pid 7607)
Compiled products.css  (1ms)  (pid 7607)
Compiled scaffolds.css  (11ms)  (pid 7607)
Compiled application.css  (108ms)  (pid 7607)
Connecting to database specified by database.yml
Compiled jquery.js  (3ms)  (pid 2667)
Compiled jquery_ujs.js  (0ms)  (pid 2667)
Compiled carts.js  (513ms)  (pid 2667)
Compiled categories.js  (113ms)  (pid 2667)
Compiled home.js  (114ms)  (pid 2667)
Compiled line_items.js  (117ms)  (pid 2667)
Compiled orders.js  (117ms)  (pid 2667)
Compiled products.js  (119ms)  (pid 2667)
Compiled application.js  (1214ms)  (pid 2667)
Compiled carts.css  (99ms)  (pid 2667)
Compiled categories.css  (1ms)  (pid 2667)
Compiled home.css  (1ms)  (pid 2667)
Compiled line_items.css  (1ms)  (pid 2667)
Compiled orders.css  (1ms)  (pid 2667)
Compiled products.css  (1ms)  (pid 2667)
Compiled scaffolds.css  (22ms)  (pid 2667)
Compiled application.css  (164ms)  (pid 2667)
Connecting to database specified by database.yml
Compiled jquery.js  (3ms)  (pid 2667)
Compiled jquery_ujs.js  (0ms)  (pid 2667)
Compiled carts.js  (128ms)  (pid 2667)
Compiled categories.js  (183ms)  (pid 2667)
Compiled home.js  (124ms)  (pid 2667)
Compiled line_items.js  (124ms)  (pid 2667)
Compiled orders.js  (128ms)  (pid 2667)
Compiled products.js  (113ms)  (pid 2667)
Compiled application.js  (862ms)  (pid 2667)
Compiled carts.css  (50ms)  (pid 2667)
Compiled categories.css  (1ms)  (pid 2667)
Compiled home.css  (0ms)  (pid 2667)
Compiled line_items.css  (0ms)  (pid 2667)
Compiled orders.css  (0ms)  (pid 2667)
Compiled products.css  (0ms)  (pid 2667)
Compiled scaffolds.css  (10ms)  (pid 2667)
Compiled application.css  (94ms)  (pid 2667)
